2022-06-25 22:04:02,123 [   2340]   WARN - l.NotificationGroupManagerImpl - Notification group CodeWithMe is already registered (group=com.intellij.notification.NotificationGroup@6cb87026). Plugin descriptor: PluginDescriptor(name=Code With Me, id=com.jetbrains.codeWithMe, descriptorPath=plugin.xml, path=~/Downloads/ideaIC-2021.2.3/idea-IC-212.5457.46/plugins/cwm-plugin, version=212.5457.46, package=null) 
libva error: /usr/lib/x86_64-linux-gnu/dri/i965_drv_video.so init failed
2022-06-25 22:04:14,404 [  14621]   WARN - ctionSystem.impl.ActionUpdater - Slow (128 ms) `com.intellij.openapi.vcs.changes.patch.ApplyPatchFromClipboardAction#update`. Consider speeding it up and/or implementing UpdateInBackground. 
2022-06-25 22:05:09,030 [  69247]   WARN - nSystem.impl.ActionToolbarImpl - 'run.anything.toolbar' toolbar by default uses any focused component to update its actions. Toolbar actions that need local UI context would be incorrectly disabled. Please call toolbar.setTargetComponent() explicitly. 
java.lang.Throwable: toolbar creation trace
	at com.intellij.openapi.actionSystem.impl.ActionToolbarImpl.<init>(ActionToolbarImpl.java:112)
	at com.intellij.openapi.actionSystem.impl.ActionManagerImpl.createActionToolbar(ActionManagerImpl.java:438)
	at com.intellij.openapi.actionSystem.impl.ActionManagerImpl.createActionToolbar(ActionManagerImpl.java:432)
	at com.intellij.ide.actions.runAnything.RunAnythingPopupUI.createSettingsPanel(RunAnythingPopupUI.java:794)
	at com.intellij.ide.actions.BigPopupUI.init(BigPopupUI.java:126)
	at com.intellij.ide.actions.runAnything.RunAnythingPopupUI.<init>(RunAnythingPopupUI.java:688)
	at com.intellij.ide.actions.runAnything.RunAnythingManager.createView(RunAnythingManager.java:140)
	at com.intellij.ide.actions.runAnything.RunAnythingManager.show(RunAnythingManager.java:46)
	at org.jetbrains.idea.maven.navigator.actions.MavenExecuteGoalAction.actionPerformed(MavenExecuteGoalAction.java:35)
	at com.intellij.openapi.actionSystem.impl.ActionButton.actionPerformed(ActionButton.java:171)
	at com.intellij.openapi.actionSystem.impl.ActionButton.lambda$performAction$0(ActionButton.java:150)
	at com.intellij.openapi.actionSystem.ex.ActionUtil.performDumbAwareWithCallbacks(ActionUtil.java:261)
	at com.intellij.openapi.actionSystem.impl.ActionButton.performAction(ActionButton.java:150)
	at com.intellij.openapi.actionSystem.impl.ActionButton.processMouseEvent(ActionButton.java:427)
	at java.desktop/java.awt.Component.processEvent(Component.java:6417)
	at java.desktop/java.awt.Container.processEvent(Container.java:2263)
	at java.desktop/java.awt.Component.dispatchEventImpl(Component.java:5027)
	at java.desktop/java.awt.Container.dispatchEventImpl(Container.java:2321)
	at java.desktop/java.awt.Component.dispatchEvent(Component.java:4859)
	at java.desktop/java.awt.LightweightDispatcher.retargetMouseEvent(Container.java:4918)
	at java.desktop/java.awt.LightweightDispatcher.processMouseEvent(Container.java:4547)
	at java.desktop/java.awt.LightweightDispatcher.dispatchEvent(Container.java:4488)
	at java.desktop/java.awt.Container.dispatchEventImpl(Container.java:2307)
	at java.desktop/java.awt.Window.dispatchEventImpl(Window.java:2784)
	at java.desktop/java.awt.Component.dispatchEvent(Component.java:4859)
	at java.desktop/java.awt.EventQueue.dispatchEventImpl(EventQueue.java:778)
	at java.desktop/java.awt.EventQueue$4.run(EventQueue.java:727)
	at java.desktop/java.awt.EventQueue$4.run(EventQueue.java:721)
	at java.base/java.security.AccessController.doPrivileged(Native Method)
	at java.base/java.security.ProtectionDomain$JavaSecurityAccessImpl.doIntersectionPrivilege(ProtectionDomain.java:85)
	at java.base/java.security.ProtectionDomain$JavaSecurityAccessImpl.doIntersectionPrivilege(ProtectionDomain.java:95)
	at java.desktop/java.awt.EventQueue$5.run(EventQueue.java:751)
	at java.desktop/java.awt.EventQueue$5.run(EventQueue.java:749)
	at java.base/java.security.AccessController.doPrivileged(Native Method)
	at java.base/java.security.ProtectionDomain$JavaSecurityAccessImpl.doIntersectionPrivilege(ProtectionDomain.java:85)
	at java.desktop/java.awt.EventQueue.dispatchEvent(EventQueue.java:748)
	at com.intellij.ide.IdeEventQueue.defaultDispatchEvent(IdeEventQueue.java:885)
	at com.intellij.ide.IdeEventQueue.dispatchMouseEvent(IdeEventQueue.java:814)
	at com.intellij.ide.IdeEventQueue._dispatchEvent(IdeEventQueue.java:751)
	at com.intellij.ide.IdeEventQueue.lambda$dispatchEvent$6(IdeEventQueue.java:441)
	at com.intellij.openapi.progress.impl.CoreProgressManager.computePrioritized(CoreProgressManager.java:825)
	at com.intellij.ide.IdeEventQueue.lambda$dispatchEvent$7(IdeEventQueue.java:440)
	at com.intellij.openapi.application.impl.ApplicationImpl.runIntendedWriteActionOnCurrentThread(ApplicationImpl.java:794)
	at com.intellij.ide.IdeEventQueue.dispatchEvent(IdeEventQueue.java:492)
	at java.desktop/java.awt.EventDispatchThread.pumpOneEventForFilters(EventDispatchThread.java:203)
	at java.desktop/java.awt.EventDispatchThread.pumpEventsForFilter(EventDispatchThread.java:124)
	at java.desktop/java.awt.EventDispatchThread.pumpEventsForHierarchy(EventDispatchThread.java:113)
	at java.desktop/java.awt.EventDispatchThread.pumpEvents(EventDispatchThread.java:109)
	at java.desktop/java.awt.EventDispatchThread.pumpEvents(EventDispatchThread.java:101)
	at java.desktop/java.awt.EventDispatchThread.run(EventDispatchThread.java:90)
2022-06-25 22:50:33,268 [2793485]   WARN - ctionSystem.impl.ActionUpdater - 1273 ms to expand group child null 
2022-06-25 22:50:33,272 [2793489]   WARN - ctionSystem.impl.ActionUpdater - 1293 ms to expand group child null 
shutdown on Thread[AWT-EventQueue-0,6,main]
